# JRE version: Java(TM) SE Runtime Environment (8.0_60-b27) (build 1.8.0_60-b27)
# Java VM: Java HotSpot(TM) 64-Bit Server VM (25.60-b23 mixed mode windows-amd64 compressed oops)
Heap:
 PSYoungGen      total 43520K, used 7376K [0x00000000d5d80000, 0x00000000d9600000, 0x0000000100000000)
  eden space 32256K, 4% used [0x00000000d5d80000,0x00000000d5ec9fb0,0x00000000d7d00000)
  from space 11264K, 53% used [0x00000000d8b00000,0x00000000d90ea3c8,0x00000000d9600000)
  to   space 12800K, 0% used [0x00000000d7d00000,0x00000000d7d00000,0x00000000d8980000)
 ParOldGen       total 51712K, used 11810K [0x0000000081800000, 0x0000000084a80000, 0x00000000d5d80000)
  object space 51712K, 22% used [0x0000000081800000,0x0000000082388b68,0x0000000084a80000)
 Metaspace       used 24375K, capacity 24630K, committed 24832K, reserved 1071104K
  class space    used 3217K, capacity 3309K, committed 3328K, reserved 1048576K
GC Heap History (10 events):
Event: 6.802 GC heap before
{Heap before GC invocations=3 (full 1):
 PSYoungGen      total 38400K, used 5116K [0x00000000d5d80000, 0x00000000d8800000, 0x0000000100000000)
  eden space 33280K, 0% used [0x00000000d5d80000,0x00000000d5d80000,0x00000000d7e00000)
  from space 5120K, 99% used [0x00000000d8300000,0x00000000d87ff010,0x00000000d8800000)
  to   space 5120K, 0% used [0x00000000d7e00000,0x00000000d7e00000,0x00000000d8300000)
 ParOldGen       total 87552K, used 10700K [0x0000000081800000, 0x0000000086d80000, 0x00000000d5d80000)
  object space 87552K, 12% used [0x0000000081800000,0x00000000822733b8,0x0000000086d80000)
 Metaspace       used 20937K, capacity 21116K, committed 21296K, reserved 1067008K
  class space    used 2823K, capacity 2906K, committed 2944K, reserved 1048576K
Event: 6.843 GC heap after
Heap after GC invocations=3 (full 1):
 PSYoungGen      total 38400K, used 0K [0x00000000d5d80000, 0x00000000d8800000, 0x0000000100000000)
  eden space 33280K, 0% used [0x00000000d5d80000,0x00000000d5d80000,0x00000000d7e00000)
  from space 5120K, 0% used [0x00000000d8300000,0x00000000d8300000,0x00000000d8800000)
  to   space 5120K, 0% used [0x00000000d7e00000,0x00000000d7e00000,0x00000000d8300000)
 ParOldGen       total 51712K, used 11651K [0x0000000081800000, 0x0000000084a80000, 0x00000000d5d80000)
  object space 51712K, 22% used [0x0000000081800000,0x0000000082360d38,0x0000000084a80000)
 Metaspace       used 20937K, capacity 21116K, committed 21296K, reserved 1067008K
  class space    used 2823K, capacity 2906K, committed 2944K, reserved 1048576K
}
Event: 10.857 GC heap before
{Heap before GC invocations=4 (full 1):
 PSYoungGen      total 38400K, used 33280K [0x00000000d5d80000, 0x00000000d8800000, 0x0000000100000000)
  eden space 33280K, 100% used [0x00000000d5d80000,0x00000000d7e00000,0x00000000d7e00000)
  from space 5120K, 0% used [0x00000000d8300000,0x00000000d8300000,0x00000000d8800000)
  to   space 5120K, 0% used [0x00000000d7e00000,0x00000000d7e00000,0x00000000d8300000)
 ParOldGen       total 51712K, used 11651K [0x0000000081800000, 0x0000000084a80000, 0x00000000d5d80000)
  object space 51712K, 22% used [0x0000000081800000,0x0000000082360d38,0x0000000084a80000)
 Metaspace       used 24087K, capacity 24306K, committed 24576K, reserved 1071104K
  class space    used 3210K, capacity 3299K, committed 3328K, reserved 1048576K
Event: 10.860 GC heap after
Heap after GC invocations=4 (full 1):
 PSYoungGen      total 38400K, used 5109K [0x00000000d5d80000, 0x00000000d8800000, 0x0000000100000000)
  eden space 33280K, 0% used [0x00000000d5d80000,0x00000000d5d80000,0x00000000d7e00000)
  from space 5120K, 99% used [0x00000000d7e00000,0x00000000d82fd498,0x00000000d8300000)
  to   space 5120K, 0% used [0x00000000d8300000,0x00000000d8300000,0x00000000d8800000)
 ParOldGen       total 51712K, used 11786K [0x0000000081800000, 0x0000000084a80000, 0x00000000d5d80000)
  object space 51712K, 22% used [0x0000000081800000,0x0000000082382b68,0x0000000084a80000)
 Metaspace       used 24087K, capacity 24306K, committed 24576K, reserved 1071104K
  class space    used 3210K, capacity 3299K, committed 3328K, reserved 1048576K
}
Event: 14.263 GC heap before
{Heap before GC invocations=5 (full 1):
 PSYoungGen      total 38400K, used 38389K [0x00000000d5d80000, 0x00000000d8800000, 0x0000000100000000)
  eden space 33280K, 100% used [0x00000000d5d80000,0x00000000d7e00000,0x00000000d7e00000)
  from space 5120K, 99% used [0x00000000d7e00000,0x00000000d82fd498,0x00000000d8300000)
  to   space 5120K, 0% used [0x00000000d8300000,0x00000000d8300000,0x00000000d8800000)
 ParOldGen       total 51712K, used 11786K [0x0000000081800000, 0x0000000084a80000, 0x00000000d5d80000)
  object space 51712K, 22% used [0x0000000081800000,0x0000000082382b68,0x0000000084a80000)
 Metaspace       used 24163K, capacity 24434K, committed 24832K, reserved 1071104K
  class space    used 3210K, capacity 3299K, committed 3328K, reserved 1048576K
Event: 14.265 GC heap after
Heap after GC invocations=5 (full 1):
 PSYoungGen      total 38400K, used 3098K [0x00000000d5d80000, 0x00000000d8800000, 0x0000000100000000)
  eden space 33280K, 0% used [0x00000000d5d80000,0x00000000d5d80000,0x00000000d7e00000)
  from space 5120K, 60% used [0x00000000d8300000,0x00000000d8606a88,0x00000000d8800000)
  to   space 5120K, 0% used [0x00000000d7e00000,0x00000000d7e00000,0x00000000d8300000)
 ParOldGen       total 51712K, used 11794K [0x0000000081800000, 0x0000000084a80000, 0x00000000d5d80000)
  object space 51712K, 22% used [0x0000000081800000,0x0000000082384b68,0x0000000084a80000)
 Metaspace       used 24163K, capacity 24434K, committed 24832K, reserved 1071104K
  class space    used 3210K, capacity 3299K, committed 3328K, reserved 1048576K
}
Event: 17.276 GC heap before
{Heap before GC invocations=6 (full 1):
 PSYoungGen      total 38400K, used 35495K [0x00000000d5d80000, 0x00000000d8800000, 0x0000000100000000)
  eden space 33280K, 97% used [0x00000000d5d80000,0x00000000d7d23290,0x00000000d7e00000)
  from space 5120K, 60% used [0x00000000d8300000,0x00000000d8606a88,0x00000000d8800000)
  to   space 5120K, 0% used [0x00000000d7e00000,0x00000000d7e00000,0x00000000d8300000)
 ParOldGen       total 51712K, used 11794K [0x0000000081800000, 0x0000000084a80000, 0x00000000d5d80000)
  object space 51712K, 22% used [0x0000000081800000,0x0000000082384b68,0x0000000084a80000)
 Metaspace       used 24198K, capacity 24498K, committed 24832K, reserved 1071104K
  class space    used 3210K, capacity 3299K, committed 3328K, reserved 1048576K
Event: 17.278 GC heap after
Heap after GC invocations=6 (full 1):
 PSYoungGen      total 37888K, used 2679K [0x00000000d5d80000, 0x00000000d9880000, 0x0000000100000000)
  eden space 32768K, 0% used [0x00000000d5d80000,0x00000000d5d80000,0x00000000d7d80000)
  from space 5120K, 52% used [0x00000000d7e00000,0x00000000d809dd68,0x00000000d8300000)
  to   space 13824K, 0% used [0x00000000d8b00000,0x00000000d8b00000,0x00000000d9880000)
 ParOldGen       total 51712K, used 11802K [0x0000000081800000, 0x0000000084a80000, 0x00000000d5d80000)
  object space 51712K, 22% used [0x0000000081800000,0x0000000082386b68,0x0000000084a80000)
 Metaspace       used 24198K, capacity 24498K, committed 24832K, reserved 1071104K
  class space    used 3210K, capacity 3299K, committed 3328K, reserved 1048576K
}
Event: 27.451 GC heap before
{Heap before GC invocations=7 (full 1):
 PSYoungGen      total 37888K, used 35447K [0x00000000d5d80000, 0x00000000d9880000, 0x0000000100000000)
  eden space 32768K, 100% used [0x00000000d5d80000,0x00000000d7d80000,0x00000000d7d80000)
  from space 5120K, 52% used [0x00000000d7e00000,0x00000000d809dd68,0x00000000d8300000)
  to   space 13824K, 0% used [0x00000000d8b00000,0x00000000d8b00000,0x00000000d9880000)
 ParOldGen       total 51712K, used 11802K [0x0000000081800000, 0x0000000084a80000, 0x00000000d5d80000)
  object space 51712K, 22% used [0x0000000081800000,0x0000000082386b68,0x0000000084a80000)
 Metaspace       used 24371K, capacity 24630K, committed 24832K, reserved 1071104K
  class space    used 3217K, capacity 3309K, committed 3328K, reserved 1048576K
Event: 27.454 GC heap after
Heap after GC invocations=7 (full 1):
 PSYoungGen      total 43520K, used 6056K [0x00000000d5d80000, 0x00000000d9600000, 0x0000000100000000)
  eden space 32256K, 0% used [0x00000000d5d80000,0x00000000d5d80000,0x00000000d7d00000)
  from space 11264K, 53% used [0x00000000d8b00000,0x00000000d90ea3c8,0x00000000d9600000)
  to   space 12800K, 0% used [0x00000000d7d00000,0x00000000d7d00000,0x00000000d8980000)
 ParOldGen       total 51712K, used 11810K [0x0000000081800000, 0x0000000084a80000, 0x00000000d5d80000)
  object space 51712K, 22% used [0x0000000081800000,0x0000000082388b68,0x0000000084a80000)
 Metaspace       used 24371K, capacity 24630K, committed 24832K, reserved 1071104K
  class space    used 3217K, capacity 3309K, committed 3328K, reserved 1048576K
}

