# JRE version: Java(TM) SE Runtime Environment (8.0_60-b27) (build 1.8.0_60-b27)
# Java VM: Java HotSpot(TM) 64-Bit Server VM (25.60-b23 mixed mode windows-amd64 compressed oops)
Heap:
 PSYoungGen      total 45056K, used 6011K [0x00000000d5d80000, 0x00000000d9800000, 0x0000000100000000)
  eden space 32256K, 8% used [0x00000000d5d80000,0x00000000d60501a0,0x00000000d7d00000)
  from space 12800K, 24% used [0x00000000d8b80000,0x00000000d8e8ec30,0x00000000d9800000)
  to   space 13824K, 0% used [0x00000000d7d00000,0x00000000d7d00000,0x00000000d8a80000)
 ParOldGen       total 54784K, used 14361K [0x0000000081800000, 0x0000000084d80000, 0x00000000d5d80000)
  object space 54784K, 26% used [0x0000000081800000,0x0000000082606728,0x0000000084d80000)
 Metaspace       used 24272K, capacity 24564K, committed 24832K, reserved 1071104K
  class space    used 3233K, capacity 3310K, committed 3328K, reserved 1048576K
GC Heap History (10 events):
Event: 18.501 GC heap before
{Heap before GC invocations=3 (full 1):
 PSYoungGen      total 38400K, used 5096K [0x00000000d5d80000, 0x00000000d8800000, 0x0000000100000000)
  eden space 33280K, 0% used [0x00000000d5d80000,0x00000000d5d80000,0x00000000d7e00000)
  from space 5120K, 99% used [0x00000000d8300000,0x00000000d87fa2f0,0x00000000d8800000)
  to   space 5120K, 0% used [0x00000000d7e00000,0x00000000d7e00000,0x00000000d8300000)
 ParOldGen       total 87552K, used 11412K [0x0000000081800000, 0x0000000086d80000, 0x00000000d5d80000)
  object space 87552K, 13% used [0x0000000081800000,0x0000000082325120,0x0000000086d80000)
 Metaspace       used 20955K, capacity 21154K, committed 21296K, reserved 1067008K
  class space    used 2852K, capacity 2939K, committed 2944K, reserved 1048576K
Event: 18.561 GC heap after
Heap after GC invocations=3 (full 1):
 PSYoungGen      total 38400K, used 0K [0x00000000d5d80000, 0x00000000d8800000, 0x0000000100000000)
  eden space 33280K, 0% used [0x00000000d5d80000,0x00000000d5d80000,0x00000000d7e00000)
  from space 5120K, 0% used [0x00000000d8300000,0x00000000d8300000,0x00000000d8800000)
  to   space 5120K, 0% used [0x00000000d7e00000,0x00000000d7e00000,0x00000000d8300000)
 ParOldGen       total 54784K, used 14337K [0x0000000081800000, 0x0000000084d80000, 0x00000000d5d80000)
  object space 54784K, 26% used [0x0000000081800000,0x0000000082600728,0x0000000084d80000)
 Metaspace       used 20955K, capacity 21154K, committed 21296K, reserved 1067008K
  class space    used 2852K, capacity 2939K, committed 2944K, reserved 1048576K
}
Event: 22.544 GC heap before
{Heap before GC invocations=4 (full 1):
 PSYoungGen      total 38400K, used 33280K [0x00000000d5d80000, 0x00000000d8800000, 0x0000000100000000)
  eden space 33280K, 100% used [0x00000000d5d80000,0x00000000d7e00000,0x00000000d7e00000)
  from space 5120K, 0% used [0x00000000d8300000,0x00000000d8300000,0x00000000d8800000)
  to   space 5120K, 0% used [0x00000000d7e00000,0x00000000d7e00000,0x00000000d8300000)
 ParOldGen       total 54784K, used 14337K [0x0000000081800000, 0x0000000084d80000, 0x00000000d5d80000)
  object space 54784K, 26% used [0x0000000081800000,0x0000000082600728,0x0000000084d80000)
 Metaspace       used 23840K, capacity 24114K, committed 24576K, reserved 1071104K
  class space    used 3211K, capacity 3299K, committed 3328K, reserved 1048576K
Event: 22.547 GC heap after
Heap after GC invocations=4 (full 1):
 PSYoungGen      total 38400K, used 4371K [0x00000000d5d80000, 0x00000000d8800000, 0x0000000100000000)
  eden space 33280K, 0% used [0x00000000d5d80000,0x00000000d5d80000,0x00000000d7e00000)
  from space 5120K, 85% used [0x00000000d7e00000,0x00000000d8244c48,0x00000000d8300000)
  to   space 5120K, 0% used [0x00000000d8300000,0x00000000d8300000,0x00000000d8800000)
 ParOldGen       total 54784K, used 14345K [0x0000000081800000, 0x0000000084d80000, 0x00000000d5d80000)
  object space 54784K, 26% used [0x0000000081800000,0x0000000082602728,0x0000000084d80000)
 Metaspace       used 23840K, capacity 24114K, committed 24576K, reserved 1071104K
  class space    used 3211K, capacity 3299K, committed 3328K, reserved 1048576K
}
Event: 25.570 GC heap before
{Heap before GC invocations=5 (full 1):
 PSYoungGen      total 38400K, used 36768K [0x00000000d5d80000, 0x00000000d8800000, 0x0000000100000000)
  eden space 33280K, 97% used [0x00000000d5d80000,0x00000000d7d23500,0x00000000d7e00000)
  from space 5120K, 85% used [0x00000000d7e00000,0x00000000d8244c48,0x00000000d8300000)
  to   space 5120K, 0% used [0x00000000d8300000,0x00000000d8300000,0x00000000d8800000)
 ParOldGen       total 54784K, used 14345K [0x0000000081800000, 0x0000000084d80000, 0x00000000d5d80000)
  object space 54784K, 26% used [0x0000000081800000,0x0000000082602728,0x0000000084d80000)
 Metaspace       used 24116K, capacity 24430K, committed 24832K, reserved 1071104K
  class space    used 3230K, capacity 3309K, committed 3328K, reserved 1048576K
Event: 25.574 GC heap after
Heap after GC invocations=5 (full 1):
 PSYoungGen      total 38400K, used 3534K [0x00000000d5d80000, 0x00000000d8800000, 0x0000000100000000)
  eden space 33280K, 0% used [0x00000000d5d80000,0x00000000d5d80000,0x00000000d7e00000)
  from space 5120K, 69% used [0x00000000d8300000,0x00000000d86739f8,0x00000000d8800000)
  to   space 5120K, 0% used [0x00000000d7e00000,0x00000000d7e00000,0x00000000d8300000)
 ParOldGen       total 54784K, used 14353K [0x0000000081800000, 0x0000000084d80000, 0x00000000d5d80000)
  object space 54784K, 26% used [0x0000000081800000,0x0000000082604728,0x0000000084d80000)
 Metaspace       used 24116K, capacity 24430K, committed 24832K, reserved 1071104K
  class space    used 3230K, capacity 3309K, committed 3328K, reserved 1048576K
}
Event: 27.778 GC heap before
{Heap before GC invocations=6 (full 1):
 PSYoungGen      total 38400K, used 36309K [0x00000000d5d80000, 0x00000000d8800000, 0x0000000100000000)
  eden space 33280K, 98% used [0x00000000d5d80000,0x00000000d7d81c78,0x00000000d7e00000)
  from space 5120K, 69% used [0x00000000d8300000,0x00000000d86739f8,0x00000000d8800000)
  to   space 5120K, 0% used [0x00000000d7e00000,0x00000000d7e00000,0x00000000d8300000)
 ParOldGen       total 54784K, used 14353K [0x0000000081800000, 0x0000000084d80000, 0x00000000d5d80000)
  object space 54784K, 26% used [0x0000000081800000,0x0000000082604728,0x0000000084d80000)
 Metaspace       used 24164K, capacity 24430K, committed 24832K, reserved 1071104K
  class space    used 3231K, capacity 3309K, committed 3328K, reserved 1048576K
Event: 27.780 GC heap after
Heap after GC invocations=6 (full 1):
 PSYoungGen      total 37888K, used 3098K [0x00000000d5d80000, 0x00000000d9980000, 0x0000000100000000)
  eden space 32768K, 0% used [0x00000000d5d80000,0x00000000d5d80000,0x00000000d7d80000)
  from space 5120K, 60% used [0x00000000d7e00000,0x00000000d8106a88,0x00000000d8300000)
  to   space 14336K, 0% used [0x00000000d8b80000,0x00000000d8b80000,0x00000000d9980000)
 ParOldGen       total 54784K, used 14361K [0x0000000081800000, 0x0000000084d80000, 0x00000000d5d80000)
  object space 54784K, 26% used [0x0000000081800000,0x0000000082606728,0x0000000084d80000)
 Metaspace       used 24164K, capacity 24430K, committed 24832K, reserved 1071104K
  class space    used 3231K, capacity 3309K, committed 3328K, reserved 1048576K
}
Event: 57.661 GC heap before
{Heap before GC invocations=7 (full 1):
 PSYoungGen      total 37888K, used 35680K [0x00000000d5d80000, 0x00000000d9980000, 0x0000000100000000)
  eden space 32768K, 99% used [0x00000000d5d80000,0x00000000d7d518c0,0x00000000d7d80000)
  from space 5120K, 60% used [0x00000000d7e00000,0x00000000d8106a88,0x00000000d8300000)
  to   space 14336K, 0% used [0x00000000d8b80000,0x00000000d8b80000,0x00000000d9980000)
 ParOldGen       total 54784K, used 14361K [0x0000000081800000, 0x0000000084d80000, 0x00000000d5d80000)
  object space 54784K, 26% used [0x0000000081800000,0x0000000082606728,0x0000000084d80000)
 Metaspace       used 24267K, capacity 24564K, committed 24832K, reserved 1071104K
  class space    used 3233K, capacity 3310K, committed 3328K, reserved 1048576K
Event: 57.668 GC heap after
Heap after GC invocations=7 (full 1):
 PSYoungGen      total 45056K, used 3131K [0x00000000d5d80000, 0x00000000d9800000, 0x0000000100000000)
  eden space 32256K, 0% used [0x00000000d5d80000,0x00000000d5d80000,0x00000000d7d00000)
  from space 12800K, 24% used [0x00000000d8b80000,0x00000000d8e8ec30,0x00000000d9800000)
  to   space 13824K, 0% used [0x00000000d7d00000,0x00000000d7d00000,0x00000000d8a80000)
 ParOldGen       total 54784K, used 14361K [0x0000000081800000, 0x0000000084d80000, 0x00000000d5d80000)
  object space 54784K, 26% used [0x0000000081800000,0x0000000082606728,0x0000000084d80000)
 Metaspace       used 24267K, capacity 24564K, committed 24832K, reserved 1071104K
  class space    used 3233K, capacity 3310K, committed 3328K, reserved 1048576K
}

