# JRE version: Java(TM) SE Runtime Environment (8.0_60-b27) (build 1.8.0_60-b27)
# Java VM: Java HotSpot(TM) 64-Bit Server VM (25.60-b23 mixed mode windows-amd64 compressed oops)
Heap:
 PSYoungGen      total 44032K, used 8923K [0x00000000d5d80000, 0x00000000d9600000, 0x0000000100000000)
  eden space 32256K, 8% used [0x00000000d5d80000,0x00000000d600ca18,0x00000000d7d00000)
  from space 11776K, 53% used [0x00000000d8a80000,0x00000000d90aa450,0x00000000d9600000)
  to   space 12800K, 0% used [0x00000000d7d00000,0x00000000d7d00000,0x00000000d8980000)
 ParOldGen       total 51200K, used 12588K [0x0000000081800000, 0x0000000084a00000, 0x00000000d5d80000)
  object space 51200K, 24% used [0x0000000081800000,0x000000008244b028,0x0000000084a00000)
 Metaspace       used 24338K, capacity 24628K, committed 24832K, reserved 1071104K
  class space    used 3229K, capacity 3310K, committed 3328K, reserved 1048576K
GC Heap History (10 events):
Event: 35.891 GC heap before
{Heap before GC invocations=3 (full 1):
 PSYoungGen      total 38400K, used 5102K [0x00000000d5d80000, 0x00000000d8800000, 0x0000000100000000)
  eden space 33280K, 0% used [0x00000000d5d80000,0x00000000d5d80000,0x00000000d7e00000)
  from space 5120K, 99% used [0x00000000d8300000,0x00000000d87fb820,0x00000000d8800000)
  to   space 5120K, 0% used [0x00000000d7e00000,0x00000000d7e00000,0x00000000d8300000)
 ParOldGen       total 87552K, used 10651K [0x0000000081800000, 0x0000000086d80000, 0x00000000d5d80000)
  object space 87552K, 12% used [0x0000000081800000,0x0000000082266fa8,0x0000000086d80000)
 Metaspace       used 20945K, capacity 21154K, committed 21296K, reserved 1067008K
  class space    used 2843K, capacity 2939K, committed 2944K, reserved 1048576K
Event: 35.935 GC heap after
Heap after GC invocations=3 (full 1):
 PSYoungGen      total 38400K, used 0K [0x00000000d5d80000, 0x00000000d8800000, 0x0000000100000000)
  eden space 33280K, 0% used [0x00000000d5d80000,0x00000000d5d80000,0x00000000d7e00000)
  from space 5120K, 0% used [0x00000000d8300000,0x00000000d8300000,0x00000000d8800000)
  to   space 5120K, 0% used [0x00000000d7e00000,0x00000000d7e00000,0x00000000d8300000)
 ParOldGen       total 51200K, used 11604K [0x0000000081800000, 0x0000000084a00000, 0x00000000d5d80000)
  object space 51200K, 22% used [0x0000000081800000,0x0000000082355088,0x0000000084a00000)
 Metaspace       used 20945K, capacity 21154K, committed 21296K, reserved 1067008K
  class space    used 2843K, capacity 2939K, committed 2944K, reserved 1048576K
}
Event: 39.530 GC heap before
{Heap before GC invocations=4 (full 1):
 PSYoungGen      total 38400K, used 33280K [0x00000000d5d80000, 0x00000000d8800000, 0x0000000100000000)
  eden space 33280K, 100% used [0x00000000d5d80000,0x00000000d7e00000,0x00000000d7e00000)
  from space 5120K, 0% used [0x00000000d8300000,0x00000000d8300000,0x00000000d8800000)
  to   space 5120K, 0% used [0x00000000d7e00000,0x00000000d7e00000,0x00000000d8300000)
 ParOldGen       total 51200K, used 11604K [0x0000000081800000, 0x0000000084a00000, 0x00000000d5d80000)
  object space 51200K, 22% used [0x0000000081800000,0x0000000082355088,0x0000000084a00000)
 Metaspace       used 24015K, capacity 24242K, committed 24576K, reserved 1071104K
  class space    used 3219K, capacity 3299K, committed 3328K, reserved 1048576K
Event: 39.535 GC heap after
Heap after GC invocations=4 (full 1):
 PSYoungGen      total 38400K, used 5091K [0x00000000d5d80000, 0x00000000d8800000, 0x0000000100000000)
  eden space 33280K, 0% used [0x00000000d5d80000,0x00000000d5d80000,0x00000000d7e00000)
  from space 5120K, 99% used [0x00000000d7e00000,0x00000000d82f8e10,0x00000000d8300000)
  to   space 5120K, 0% used [0x00000000d8300000,0x00000000d8300000,0x00000000d8800000)
 ParOldGen       total 51200K, used 12572K [0x0000000081800000, 0x0000000084a00000, 0x00000000d5d80000)
  object space 51200K, 24% used [0x0000000081800000,0x0000000082447028,0x0000000084a00000)
 Metaspace       used 24015K, capacity 24242K, committed 24576K, reserved 1071104K
  class space    used 3219K, capacity 3299K, committed 3328K, reserved 1048576K
}
Event: 42.976 GC heap before
{Heap before GC invocations=5 (full 1):
 PSYoungGen      total 38400K, used 37668K [0x00000000d5d80000, 0x00000000d8800000, 0x0000000100000000)
  eden space 33280K, 97% used [0x00000000d5d80000,0x00000000d7d50458,0x00000000d7e00000)
  from space 5120K, 99% used [0x00000000d7e00000,0x00000000d82f8e10,0x00000000d8300000)
  to   space 5120K, 0% used [0x00000000d8300000,0x00000000d8300000,0x00000000d8800000)
 ParOldGen       total 51200K, used 12572K [0x0000000081800000, 0x0000000084a00000, 0x00000000d5d80000)
  object space 51200K, 24% used [0x0000000081800000,0x0000000082447028,0x0000000084a00000)
 Metaspace       used 24151K, capacity 24430K, committed 24832K, reserved 1071104K
  class space    used 3225K, capacity 3309K, committed 3328K, reserved 1048576K
Event: 42.979 GC heap after
Heap after GC invocations=5 (full 1):
 PSYoungGen      total 38400K, used 3779K [0x00000000d5d80000, 0x00000000d8800000, 0x0000000100000000)
  eden space 33280K, 0% used [0x00000000d5d80000,0x00000000d5d80000,0x00000000d7e00000)
  from space 5120K, 73% used [0x00000000d8300000,0x00000000d86b0c88,0x00000000d8800000)
  to   space 5120K, 0% used [0x00000000d7e00000,0x00000000d7e00000,0x00000000d8300000)
 ParOldGen       total 51200K, used 12580K [0x0000000081800000, 0x0000000084a00000, 0x00000000d5d80000)
  object space 51200K, 24% used [0x0000000081800000,0x0000000082449028,0x0000000084a00000)
 Metaspace       used 24151K, capacity 24430K, committed 24832K, reserved 1071104K
  class space    used 3225K, capacity 3309K, committed 3328K, reserved 1048576K
}
Event: 46.032 GC heap before
{Heap before GC invocations=6 (full 1):
 PSYoungGen      total 38400K, used 36932K [0x00000000d5d80000, 0x00000000d8800000, 0x0000000100000000)
  eden space 33280K, 99% used [0x00000000d5d80000,0x00000000d7de06b8,0x00000000d7e00000)
  from space 5120K, 73% used [0x00000000d8300000,0x00000000d86b0c88,0x00000000d8800000)
  to   space 5120K, 0% used [0x00000000d7e00000,0x00000000d7e00000,0x00000000d8300000)
 ParOldGen       total 51200K, used 12580K [0x0000000081800000, 0x0000000084a00000, 0x00000000d5d80000)
  object space 51200K, 24% used [0x0000000081800000,0x0000000082449028,0x0000000084a00000)
 Metaspace       used 24190K, capacity 24430K, committed 24832K, reserved 1071104K
  class space    used 3225K, capacity 3309K, committed 3328K, reserved 1048576K
Event: 46.034 GC heap after
Heap after GC invocations=6 (full 1):
 PSYoungGen      total 37888K, used 3017K [0x00000000d5d80000, 0x00000000d9780000, 0x0000000100000000)
  eden space 32768K, 0% used [0x00000000d5d80000,0x00000000d5d80000,0x00000000d7d80000)
  from space 5120K, 58% used [0x00000000d7e00000,0x00000000d80f2638,0x00000000d8300000)
  to   space 13312K, 0% used [0x00000000d8a80000,0x00000000d8a80000,0x00000000d9780000)
 ParOldGen       total 51200K, used 12588K [0x0000000081800000, 0x0000000084a00000, 0x00000000d5d80000)
  object space 51200K, 24% used [0x0000000081800000,0x000000008244b028,0x0000000084a00000)
 Metaspace       used 24190K, capacity 24430K, committed 24832K, reserved 1071104K
  class space    used 3225K, capacity 3309K, committed 3328K, reserved 1048576K
}
Event: 89.614 GC heap before
{Heap before GC invocations=7 (full 1):
 PSYoungGen      total 37888K, used 34940K [0x00000000d5d80000, 0x00000000d9780000, 0x0000000100000000)
  eden space 32768K, 97% used [0x00000000d5d80000,0x00000000d7cac9c8,0x00000000d7d80000)
  from space 5120K, 58% used [0x00000000d7e00000,0x00000000d80f2638,0x00000000d8300000)
  to   space 13312K, 0% used [0x00000000d8a80000,0x00000000d8a80000,0x00000000d9780000)
 ParOldGen       total 51200K, used 12588K [0x0000000081800000, 0x0000000084a00000, 0x00000000d5d80000)
  object space 51200K, 24% used [0x0000000081800000,0x000000008244b028,0x0000000084a00000)
 Metaspace       used 24337K, capacity 24564K, committed 24832K, reserved 1071104K
  class space    used 3229K, capacity 3310K, committed 3328K, reserved 1048576K
Event: 89.620 GC heap after
Heap after GC invocations=7 (full 1):
 PSYoungGen      total 44032K, used 6313K [0x00000000d5d80000, 0x00000000d9600000, 0x0000000100000000)
  eden space 32256K, 0% used [0x00000000d5d80000,0x00000000d5d80000,0x00000000d7d00000)
  from space 11776K, 53% used [0x00000000d8a80000,0x00000000d90aa450,0x00000000d9600000)
  to   space 12800K, 0% used [0x00000000d7d00000,0x00000000d7d00000,0x00000000d8980000)
 ParOldGen       total 51200K, used 12588K [0x0000000081800000, 0x0000000084a00000, 0x00000000d5d80000)
  object space 51200K, 24% used [0x0000000081800000,0x000000008244b028,0x0000000084a00000)
 Metaspace       used 24337K, capacity 24564K, committed 24832K, reserved 1071104K
  class space    used 3229K, capacity 3310K, committed 3328K, reserved 1048576K
}

